<?xml version="1.0" encoding="utf-8"?><testsuites name="pytest tests"><testsuite name="pytest" errors="0" failures="0" skipped="0" tests="15" time="8.119" timestamp="2026-09-05T13:23:43.193186+00:00" hostname="agent-env-914225d0-946c-44d3-bd7a-77663d44daf5"><testcase classname="tests.test_coupons_referrals.TestReferrals" name="test_signup_with_referral_bonus" time="1.008" /><testcase classname="tests.test_coupons_referrals.TestCouponValidate" name="test_inflow20_valid_for_purchase" time="0.693" /><testcase classname="tests.test_coupons_referrals.TestCouponValidate" name="test_inflow20_rejected_for_topup" time="0.819" /><testcase classname="tests.test_coupons_referrals.TestReferrals" name="test_signup_invalid_referral_code_ok" time="0.504" /><testcase classname="tests.test_coupons_referrals.TestCouponValidate" name="test_bienvenida10_valid_for_topup" time="0.826" /><testcase classname="tests.test_coupons_referrals.TestReferrals" name="test_referrals_me_endpoint" time="1.507" /><testcase classname="tests.test_coupons_referrals.TestCouponValidate" name="test_invalid_code" time="0.575" /><testcase classname="tests.test_coupons_referrals.TestCouponValidate" name="test_validate_requires_auth" time="0.192" /><testcase classname="tests.test_coupons_referrals.TestReferrals" name="test_referral_commission_on_purchase" time="1.790" /><testcase classname="tests.test_coupons_referrals.TestAdminCoupons" name="test_user_forbidden" time="0.911" /><testcase classname="tests.test_coupons_referrals.TestAdminCoupons" name="test_admin_crud" time="2.178" /><testcase classname="tests.test_coupons_referrals.TestPurchaseCoupon" name="test_purchase_with_coupon_discount" time="1.230" /><testcase classname="tests.test_coupons_referrals.TestPurchaseCoupon" name="test_reuse_same_coupon_rejected" time="0.908" /><testcase classname="tests.test_coupons_referrals.TestTopupCoupon" name="test_topup_with_bienvenida10_gives_bonus" time="0.832" /><testcase classname="tests.test_coupons_referrals.TestPurchaseCoupon" name="test_invalid_coupon_on_purchase" time="0.651" /></testsuite></testsuites>