<?xml version="1.0" encoding="utf-8"?><testsuites name="pytest tests"><testsuite name="pytest" errors="0" failures="0" skipped="0" tests="17" time="3.824" timestamp="2026-09-05T12:36:46.830683+00:00" hostname="agent-env-914225d0-946c-44d3-bd7a-77663d44daf5"><testcase classname="tests.test_inflow_backend.TestProducts" name="test_list_products_has_social_seed" time="0.169" /><testcase classname="tests.test_inflow_backend.TestProducts" name="test_products_have_category_field" time="0.284" /><testcase classname="tests.test_inflow_backend.TestAuth" name="test_register" time="0.442" /><testcase classname="tests.test_inflow_backend.TestAuth" name="test_register_duplicate_fails" time="0.181" /><testcase classname="tests.test_inflow_backend.TestProducts" name="test_categories_endpoint" time="0.108" /><testcase classname="tests.test_inflow_backend.TestProducts" name="test_non_admin_cannot_create" time="0.618" /><testcase classname="tests.test_inflow_backend.TestAuth" name="test_admin_me" time="0.911" /><testcase classname="tests.test_inflow_backend.TestAuth" name="test_login_invalid" time="0.321" /><testcase classname="tests.test_inflow_backend.TestProducts" name="test_admin_create_with_category_persists" time="1.199" /><testcase classname="tests.test_inflow_backend.TestAuth" name="test_me_requires_auth" time="0.115" /><testcase classname="tests.test_inflow_backend.TestWallet" name="test_topup_increases_balance" time="0.253" /><testcase classname="tests.test_inflow_backend.TestWallet" name="test_topup_zero_fails" time="0.111" /><testcase classname="tests.test_inflow_backend.TestWallet" name="test_purchase_insufficient" time="0.411" /><testcase classname="tests.test_inflow_backend.TestProducts" name="test_admin_create_default_category" time="0.216" /><testcase classname="tests.test_inflow_backend.TestProducts" name="test_non_admin_cannot_delete" time="0.226" /><testcase classname="tests.test_inflow_backend.TestWallet" name="test_purchase_500_likes_success" time="0.503" /><testcase classname="tests.test_inflow_backend.TestWallet" name="test_transactions_requires_auth" time="0.109" /></testsuite></testsuites>