<?xml version="1.0" encoding="utf-8"?><testsuites name="pytest tests"><testsuite name="pytest" errors="0" failures="0" skipped="0" tests="17" time="3.661" timestamp="2026-09-05T13:01:46.455761+00:00" hostname="agent-env-914225d0-946c-44d3-bd7a-77663d44daf5"><testcase classname="tests.test_inflow_backend.TestProducts" name="test_list_products_has_social_seed" time="0.408" /><testcase classname="tests.test_inflow_backend.TestAuth" name="test_register" time="0.408" /><testcase classname="tests.test_inflow_backend.TestAuth" name="test_register_duplicate_fails" time="0.098" /><testcase classname="tests.test_inflow_backend.TestProducts" name="test_products_have_category_field" time="0.134" /><testcase classname="tests.test_inflow_backend.TestProducts" name="test_categories_endpoint" time="0.305" /><testcase classname="tests.test_inflow_backend.TestAuth" name="test_admin_me" time="0.685" /><testcase classname="tests.test_inflow_backend.TestProducts" name="test_non_admin_cannot_create" time="0.440" /><testcase classname="tests.test_inflow_backend.TestAuth" name="test_login_invalid" time="0.344" /><testcase classname="tests.test_inflow_backend.TestAuth" name="test_me_requires_auth" time="0.245" /><testcase classname="tests.test_inflow_backend.TestWallet" name="test_topup_increases_balance" time="0.319" /><testcase classname="tests.test_inflow_backend.TestProducts" name="test_admin_create_with_category_persists" time="1.096" /><testcase classname="tests.test_inflow_backend.TestWallet" name="test_topup_zero_fails" time="0.091" /><testcase classname="tests.test_inflow_backend.TestWallet" name="test_purchase_insufficient" time="0.378" /><testcase classname="tests.test_inflow_backend.TestProducts" name="test_admin_create_default_category" time="0.220" /><testcase classname="tests.test_inflow_backend.TestWallet" name="test_purchase_500_likes_success" time="0.526" /><testcase classname="tests.test_inflow_backend.TestProducts" name="test_non_admin_cannot_delete" time="0.251" /><testcase classname="tests.test_inflow_backend.TestWallet" name="test_transactions_requires_auth" time="0.100" /></testsuite></testsuites>